mode: set
github.com/conceptcodes/dji-tello-sdk-go/pkg/transport/command.go:23.57,25.16 2 1
github.com/conceptcodes/dji-tello-sdk-go/pkg/transport/command.go:25.16,27.3 1 0
github.com/conceptcodes/dji-tello-sdk-go/pkg/transport/command.go:28.2,30.8 1 1
github.com/conceptcodes/dji-tello-sdk-go/pkg/transport/command.go:34.83,38.2 1 1
github.com/conceptcodes/dji-tello-sdk-go/pkg/transport/command.go:40.73,41.21 1 1
github.com/conceptcodes/dji-tello-sdk-go/pkg/transport/command.go:41.21,43.3 1 1
github.com/conceptcodes/dji-tello-sdk-go/pkg/transport/command.go:45.2,46.44 2 1
github.com/conceptcodes/dji-tello-sdk-go/pkg/transport/command.go:46.44,48.3 1 1
github.com/conceptcodes/dji-tello-sdk-go/pkg/transport/command.go:50.2,51.16 2 1
github.com/conceptcodes/dji-tello-sdk-go/pkg/transport/command.go:51.16,53.3 1 1
github.com/conceptcodes/dji-tello-sdk-go/pkg/transport/command.go:55.2,55.22 1 1
github.com/conceptcodes/dji-tello-sdk-go/pkg/transport/command.go:58.43,59.21 1 1
github.com/conceptcodes/dji-tello-sdk-go/pkg/transport/command.go:59.21,61.3 1 1
github.com/conceptcodes/dji-tello-sdk-go/pkg/transport/command.go:62.2,62.12 1 0
github.com/conceptcodes/dji-tello-sdk-go/pkg/transport/state.go:15.66,21.16 2 0
github.com/conceptcodes/dji-tello-sdk-go/pkg/transport/state.go:21.16,23.3 1 0
github.com/conceptcodes/dji-tello-sdk-go/pkg/transport/state.go:25.2,27.8 1 0
github.com/conceptcodes/dji-tello-sdk-go/pkg/transport/state.go:32.40,33.22 1 0
github.com/conceptcodes/dji-tello-sdk-go/pkg/transport/state.go:33.22,35.3 1 0
github.com/conceptcodes/dji-tello-sdk-go/pkg/transport/state.go:36.2,37.26 2 0
github.com/conceptcodes/dji-tello-sdk-go/pkg/transport/state.go:40.33,41.22 1 0
github.com/conceptcodes/dji-tello-sdk-go/pkg/transport/state.go:41.22,44.3 2 0
github.com/conceptcodes/dji-tello-sdk-go/pkg/transport/state.go:44.8,46.3 1 0
github.com/conceptcodes/dji-tello-sdk-go/pkg/transport/state.go:49.50,51.16 2 0
github.com/conceptcodes/dji-tello-sdk-go/pkg/transport/state.go:51.16,54.3 2 0
github.com/conceptcodes/dji-tello-sdk-go/pkg/transport/state.go:55.2,55.80 1 0
github.com/conceptcodes/dji-tello-sdk-go/pkg/transport/state.go:58.30,60.2 1 0
github.com/conceptcodes/dji-tello-sdk-go/pkg/transport/video.go:15.78,21.16 2 0
github.com/conceptcodes/dji-tello-sdk-go/pkg/transport/video.go:21.16,23.3 1 0
github.com/conceptcodes/dji-tello-sdk-go/pkg/transport/video.go:25.2,27.8 1 0
github.com/conceptcodes/dji-tello-sdk-go/pkg/transport/video.go:30.47,31.23 1 0
github.com/conceptcodes/dji-tello-sdk-go/pkg/transport/video.go:31.23,33.3 1 0
github.com/conceptcodes/dji-tello-sdk-go/pkg/transport/video.go:34.2,35.27 2 0
github.com/conceptcodes/dji-tello-sdk-go/pkg/transport/video.go:38.40,39.23 1 0
github.com/conceptcodes/dji-tello-sdk-go/pkg/transport/video.go:39.23,42.3 2 0
github.com/conceptcodes/dji-tello-sdk-go/pkg/transport/video.go:42.8,44.3 1 0
github.com/conceptcodes/dji-tello-sdk-go/pkg/transport/video.go:47.56,52.2 1 0
github.com/conceptcodes/dji-tello-sdk-go/pkg/transport/video.go:54.36,57.2 1 0
